# JRE version: Java(TM) SE Runtime Environment (14.0.2+12) (build 14.0.2+12-46)
# Java VM: Java HotSpot(TM) 64-Bit Server VM (14.0.2+12-46, mixed mode, sharing, tiered, compressed oops, g1 gc, bsd-amd64)
Heap:
 garbage-first heap   total 262144K, used 151166K [0x00000007e0000000, 0x0000000800000000)
  region size 1024K, 85 young (87040K), 7 survivors (7168K)
 Metaspace       used 103281K, capacity 105361K, committed 106616K, reserved 477184K
  class space    used 13578K, capacity 14459K, committed 14540K, reserved 385024K
GC Heap History (20 events):
Event: 5.177 GC heap before
{Heap before GC invocations=5 (full 0):
 garbage-first heap   total 262144K, used 168743K [0x00000007e0000000, 0x0000000800000000)
  region size 1024K, 153 young (156672K), 10 survivors (10240K)
 Metaspace       used 32050K, capacity 33017K, committed 33152K, reserved 413696K
  class space    used 4566K, capacity 4948K, committed 4992K, reserved 385024K
}
Event: 5.199 GC heap after
{Heap after GC invocations=6 (full 0):
 garbage-first heap   total 262144K, used 30365K [0x00000007e0000000, 0x0000000800000000)
  region size 1024K, 17 young (17408K), 17 survivors (17408K)
 Metaspace       used 32050K, capacity 33017K, committed 33152K, reserved 413696K
  class space    used 4566K, capacity 4948K, committed 4992K, reserved 385024K
}
Event: 5.606 GC heap before
{Heap before GC invocations=6 (full 0):
 garbage-first heap   total 262144K, used 67229K [0x00000007e0000000, 0x0000000800000000)
  region size 1024K, 54 young (55296K), 17 survivors (17408K)
 Metaspace       used 34449K, capacity 35544K, committed 35840K, reserved 415744K
  class space    used 4912K, capacity 5325K, committed 5376K, reserved 385024K
}
Event: 5.625 GC heap after
{Heap after GC invocations=7 (full 0):
 garbage-first heap   total 262144K, used 30763K [0x00000007e0000000, 0x0000000800000000)
  region size 1024K, 10 young (10240K), 10 survivors (10240K)
 Metaspace       used 34449K, capacity 35544K, committed 35840K, reserved 415744K
  class space    used 4912K, capacity 5325K, committed 5376K, reserved 385024K
}
Event: 7.012 GC heap before
{Heap before GC invocations=8 (full 0):
 garbage-first heap   total 262144K, used 178219K [0x00000007e0000000, 0x0000000800000000)
  region size 1024K, 153 young (156672K), 10 survivors (10240K)
 Metaspace       used 44986K, capacity 46441K, committed 46592K, reserved 425984K
  class space    used 6805K, capacity 7392K, committed 7424K, reserved 385024K
}
Event: 7.028 GC heap after
{Heap after GC invocations=9 (full 0):
 garbage-first heap   total 262144K, used 32811K [0x00000007e0000000, 0x0000000800000000)
  region size 1024K, 12 young (12288K), 12 survivors (12288K)
 Metaspace       used 44986K, capacity 46441K, committed 46592K, reserved 425984K
  class space    used 6805K, capacity 7392K, committed 7424K, reserved 385024K
}
Event: 8.164 GC heap before
{Heap before GC invocations=9 (full 0):
 garbage-first heap   total 262144K, used 177195K [0x00000007e0000000, 0x0000000800000000)
  region size 1024K, 153 young (156672K), 12 survivors (12288K)
 Metaspace       used 53105K, capacity 54779K, committed 55040K, reserved 432128K
  class space    used 7925K, capacity 8610K, committed 8704K, reserved 385024K
}
Event: 8.183 GC heap after
{Heap after GC invocations=10 (full 0):
 garbage-first heap   total 262144K, used 35117K [0x00000007e0000000, 0x0000000800000000)
  region size 1024K, 12 young (12288K), 12 survivors (12288K)
 Metaspace       used 53105K, capacity 54779K, committed 55040K, reserved 432128K
  class space    used 7925K, capacity 8610K, committed 8704K, reserved 385024K
}
Event: 8.815 GC heap before
{Heap before GC invocations=10 (full 0):
 garbage-first heap   total 262144K, used 105773K [0x00000007e0000000, 0x0000000800000000)
  region size 1024K, 82 young (83968K), 12 survivors (12288K)
 Metaspace       used 57881K, capacity 59599K, committed 59948K, reserved 436224K
  class space    used 8509K, capacity 9212K, committed 9344K, reserved 385024K
}
Event: 8.834 GC heap after
{Heap after GC invocations=11 (full 0):
 garbage-first heap   total 262144K, used 35904K [0x00000007e0000000, 0x0000000800000000)
  region size 1024K, 7 young (7168K), 7 survivors (7168K)
 Metaspace       used 57881K, capacity 59599K, committed 59948K, reserved 436224K
  class space    used 8509K, capacity 9212K, committed 9344K, reserved 385024K
}
Event: 10.271 GC heap before
{Heap before GC invocations=12 (full 0):
 garbage-first heap   total 262144K, used 199744K [0x00000007e0000000, 0x0000000800000000)
  region size 1024K, 153 young (156672K), 7 survivors (7168K)
 Metaspace       used 65315K, capacity 67194K, committed 68012K, reserved 444416K
  class space    used 9374K, capacity 10121K, committed 10240K, reserved 385024K
}
Event: 10.302 GC heap after
{Heap after GC invocations=13 (full 0):
 garbage-first heap   total 262144K, used 55724K [0x00000007e0000000, 0x0000000800000000)
  region size 1024K, 20 young (20480K), 20 survivors (20480K)
 Metaspace       used 65315K, capacity 67194K, committed 68012K, reserved 444416K
  class space    used 9374K, capacity 10121K, committed 10240K, reserved 385024K
}
Event: 11.466 GC heap before
{Heap before GC invocations=13 (full 0):
 garbage-first heap   total 262144K, used 191916K [0x00000007e0000000, 0x0000000800000000)
  region size 1024K, 153 young (156672K), 20 survivors (20480K)
 Metaspace       used 73878K, capacity 75767K, committed 76588K, reserved 450560K
  class space    used 10253K, capacity 11015K, committed 11136K, reserved 385024K
}
Event: 11.509 GC heap after
{Heap after GC invocations=14 (full 0):
 garbage-first heap   total 262144K, used 59755K [0x00000007e0000000, 0x0000000800000000)
  region size 1024K, 5 young (5120K), 5 survivors (5120K)
 Metaspace       used 73878K, capacity 75767K, committed 76588K, reserved 450560K
  class space    used 10253K, capacity 11015K, committed 11136K, reserved 385024K
}
Event: 12.904 GC heap before
{Heap before GC invocations=14 (full 0):
 garbage-first heap   total 262144K, used 212331K [0x00000007e0000000, 0x0000000800000000)
  region size 1024K, 153 young (156672K), 5 survivors (5120K)
 Metaspace       used 81641K, capacity 83580K, committed 84396K, reserved 458752K
  class space    used 11164K, capacity 11958K, committed 12032K, reserved 385024K
}
Event: 12.919 GC heap after
{Heap after GC invocations=15 (full 0):
 garbage-first heap   total 262144K, used 65532K [0x00000007e0000000, 0x0000000800000000)
  region size 1024K, 11 young (11264K), 11 survivors (11264K)
 Metaspace       used 81641K, capacity 83580K, committed 84396K, reserved 458752K
  class space    used 11164K, capacity 11958K, committed 12032K, reserved 385024K
}
Event: 14.343 GC heap before
{Heap before GC invocations=15 (full 0):
 garbage-first heap   total 262144K, used 210940K [0x00000007e0000000, 0x0000000800000000)
  region size 1024K, 153 young (156672K), 11 survivors (11264K)
 Metaspace       used 90529K, capacity 92493K, committed 93612K, reserved 466944K
  class space    used 12152K, capacity 12947K, committed 13056K, reserved 385024K
}
Event: 14.362 GC heap after
{Heap after GC invocations=16 (full 0):
 garbage-first heap   total 262144K, used 70351K [0x00000007e0000000, 0x0000000800000000)
  region size 1024K, 12 young (12288K), 12 survivors (12288K)
 Metaspace       used 90529K, capacity 92493K, committed 93612K, reserved 466944K
  class space    used 12152K, capacity 12947K, committed 13056K, reserved 385024K
}
Event: 15.018 GC heap before
{Heap before GC invocations=16 (full 0):
 garbage-first heap   total 262144K, used 150223K [0x00000007e0000000, 0x0000000800000000)
  region size 1024K, 91 young (93184K), 12 survivors (12288K)
 Metaspace       used 97199K, capacity 99153K, committed 100340K, reserved 473088K
  class space    used 12841K, capacity 13652K, committed 13696K, reserved 385024K
}
Event: 15.047 GC heap after
{Heap after GC invocations=17 (full 0):
 garbage-first heap   total 262144K, used 72318K [0x00000007e0000000, 0x0000000800000000)
  region size 1024K, 7 young (7168K), 7 survivors (7168K)
 Metaspace       used 97199K, capacity 99153K, committed 100340K, reserved 473088K
  class space    used 12841K, capacity 13652K, committed 13696K, reserved 385024K
}

