# JRE version: Java(TM) SE Runtime Environment (14.0.2+12) (build 14.0.2+12-46)
# Java VM: Java HotSpot(TM) 64-Bit Server VM (14.0.2+12-46, mixed mode, sharing, tiered, compressed oops, g1 gc, bsd-amd64)
Heap:
 garbage-first heap   total 262144K, used 105179K [0x00000007e0000000, 0x0000000800000000)
  region size 1024K, 84 young (86016K), 12 survivors (12288K)
 Metaspace       used 47855K, capacity 49494K, committed 49792K, reserved 428032K
  class space    used 6844K, capacity 7519K, committed 7552K, reserved 385024K
GC Heap History (14 events):
Event: 0.596 GC heap before
{Heap before GC invocations=0 (full 0):
 garbage-first heap   total 264192K, used 13104K [0x00000007e0000000, 0x0000000800000000)
  region size 1024K, 13 young (13312K), 0 survivors (0K)
 Metaspace       used 1224K, capacity 4821K, committed 5120K, reserved 393216K
  class space    used 113K, capacity 457K, committed 512K, reserved 385024K
}
Event: 0.600 GC heap after
{Heap after GC invocations=1 (full 0):
 garbage-first heap   total 264192K, used 2635K [0x00000007e0000000, 0x0000000800000000)
  region size 1024K, 2 young (2048K), 2 survivors (2048K)
 Metaspace       used 1224K, capacity 4821K, committed 5120K, reserved 393216K
  class space    used 113K, capacity 457K, committed 512K, reserved 385024K
}
Event: 1.291 GC heap before
{Heap before GC invocations=1 (full 0):
 garbage-first heap   total 264192K, used 29259K [0x00000007e0000000, 0x0000000800000000)
  region size 1024K, 25 young (25600K), 2 survivors (2048K)
 Metaspace       used 3429K, capacity 6230K, committed 6400K, reserved 393216K
  class space    used 452K, capacity 720K, committed 768K, reserved 385024K
}
Event: 1.298 GC heap after
{Heap after GC invocations=2 (full 0):
 garbage-first heap   total 264192K, used 11505K [0x00000007e0000000, 0x0000000800000000)
  region size 1024K, 4 young (4096K), 4 survivors (4096K)
 Metaspace       used 3429K, capacity 6230K, committed 6400K, reserved 393216K
  class space    used 452K, capacity 720K, committed 768K, reserved 385024K
}
Event: 3.844 GC heap before
{Heap before GC invocations=2 (full 0):
 garbage-first heap   total 264192K, used 165105K [0x00000007e0000000, 0x0000000800000000)
  region size 1024K, 153 young (156672K), 4 survivors (4096K)
 Metaspace       used 15294K, capacity 15840K, committed 16000K, reserved 399360K
  class space    used 2163K, capacity 2386K, committed 2432K, reserved 385024K
}
Event: 3.863 GC heap after
{Heap after GC invocations=3 (full 0):
 garbage-first heap   total 264192K, used 20721K [0x00000007e0000000, 0x0000000800000000)
  region size 1024K, 12 young (12288K), 12 survivors (12288K)
 Metaspace       used 15294K, capacity 15840K, committed 16000K, reserved 399360K
  class space    used 2163K, capacity 2386K, committed 2432K, reserved 385024K
}
Event: 5.241 GC heap before
{Heap before GC invocations=3 (full 0):
 garbage-first heap   total 264192K, used 105713K [0x00000007e0000000, 0x0000000800000000)
  region size 1024K, 97 young (99328K), 12 survivors (12288K)
 Metaspace       used 20425K, capacity 21102K, committed 21248K, reserved 403456K
  class space    used 3005K, capacity 3265K, committed 3328K, reserved 385024K
}
Event: 5.257 GC heap after
{Heap after GC invocations=4 (full 0):
 garbage-first heap   total 264192K, used 23124K [0x00000007e0000000, 0x0000000800000000)
  region size 1024K, 10 young (10240K), 10 survivors (10240K)
 Metaspace       used 20425K, capacity 21102K, committed 21248K, reserved 403456K
  class space    used 3005K, capacity 3265K, committed 3328K, reserved 385024K
}
Event: 7.693 GC heap before
{Heap before GC invocations=5 (full 0):
 garbage-first heap   total 262144K, used 160340K [0x00000007e0000000, 0x0000000800000000)
  region size 1024K, 145 young (148480K), 10 survivors (10240K)
 Metaspace       used 31565K, capacity 32545K, committed 32896K, reserved 413696K
  class space    used 4480K, capacity 4867K, committed 4992K, reserved 385024K
}
Event: 7.719 GC heap after
{Heap after GC invocations=6 (full 0):
 garbage-first heap   total 262144K, used 30952K [0x00000007e0000000, 0x0000000800000000)
  region size 1024K, 11 young (11264K), 11 survivors (11264K)
 Metaspace       used 31565K, capacity 32545K, committed 32896K, reserved 413696K
  class space    used 4480K, capacity 4867K, committed 4992K, reserved 385024K
}
Event: 9.170 GC heap before
{Heap before GC invocations=6 (full 0):
 garbage-first heap   total 262144K, used 74984K [0x00000007e0000000, 0x0000000800000000)
  region size 1024K, 55 young (56320K), 11 survivors (11264K)
 Metaspace       used 34651K, capacity 35708K, committed 35840K, reserved 415744K
  class space    used 4956K, capacity 5421K, committed 5504K, reserved 385024K
}
Event: 9.183 GC heap after
{Heap after GC invocations=7 (full 0):
 garbage-first heap   total 262144K, used 30428K [0x00000007e0000000, 0x0000000800000000)
  region size 1024K, 10 young (10240K), 10 survivors (10240K)
 Metaspace       used 34651K, capacity 35708K, committed 35840K, reserved 415744K
  class space    used 4956K, capacity 5421K, committed 5504K, reserved 385024K
}
Event: 10.579 GC heap before
{Heap before GC invocations=8 (full 0):
 garbage-first heap   total 262144K, used 178908K [0x00000007e0000000, 0x0000000800000000)
  region size 1024K, 153 young (156672K), 10 survivors (10240K)
 Metaspace       used 43132K, capacity 44679K, committed 45056K, reserved 423936K
  class space    used 6170K, capacity 6770K, committed 6912K, reserved 385024K
}
Event: 10.602 GC heap after
{Heap after GC invocations=9 (full 0):
 garbage-first heap   total 262144K, used 32475K [0x00000007e0000000, 0x0000000800000000)
  region size 1024K, 12 young (12288K), 12 survivors (12288K)
 Metaspace       used 43132K, capacity 44679K, committed 45056K, reserved 423936K
  class space    used 6170K, capacity 6770K, committed 6912K, reserved 385024K
}

