# JRE version: Java(TM) SE Runtime Environment (14.0.2+12) (build 14.0.2+12-46)
# Java VM: Java HotSpot(TM) 64-Bit Server VM (14.0.2+12-46, mixed mode, sharing, tiered, compressed oops, g1 gc, bsd-amd64)
Heap:
 garbage-first heap   total 262144K, used 100860K [0x00000007e0000000, 0x0000000800000000)
  region size 1024K, 80 young (81920K), 12 survivors (12288K)
 Metaspace       used 47739K, capacity 49351K, committed 49536K, reserved 428032K
  class space    used 6820K, capacity 7453K, committed 7552K, reserved 385024K
GC Heap History (14 events):
Event: 0.422 GC heap before
{Heap before GC invocations=0 (full 0):
 garbage-first heap   total 264192K, used 13104K [0x00000007e0000000, 0x0000000800000000)
  region size 1024K, 13 young (13312K), 0 survivors (0K)
 Metaspace       used 1227K, capacity 4821K, committed 5120K, reserved 393216K
  class space    used 113K, capacity 457K, committed 512K, reserved 385024K
}
Event: 0.427 GC heap after
{Heap after GC invocations=1 (full 0):
 garbage-first heap   total 264192K, used 2716K [0x00000007e0000000, 0x0000000800000000)
  region size 1024K, 2 young (2048K), 2 survivors (2048K)
 Metaspace       used 1227K, capacity 4821K, committed 5120K, reserved 393216K
  class space    used 113K, capacity 457K, committed 512K, reserved 385024K
}
Event: 0.859 GC heap before
{Heap before GC invocations=1 (full 0):
 garbage-first heap   total 264192K, used 29340K [0x00000007e0000000, 0x0000000800000000)
  region size 1024K, 25 young (25600K), 2 survivors (2048K)
 Metaspace       used 3383K, capacity 6166K, committed 6400K, reserved 393216K
  class space    used 440K, capacity 720K, committed 768K, reserved 385024K
}
Event: 0.867 GC heap after
{Heap after GC invocations=2 (full 0):
 garbage-first heap   total 264192K, used 11439K [0x00000007e0000000, 0x0000000800000000)
  region size 1024K, 4 young (4096K), 4 survivors (4096K)
 Metaspace       used 3383K, capacity 6166K, committed 6400K, reserved 393216K
  class space    used 440K, capacity 720K, committed 768K, reserved 385024K
}
Event: 3.318 GC heap before
{Heap before GC invocations=2 (full 0):
 garbage-first heap   total 264192K, used 165039K [0x00000007e0000000, 0x0000000800000000)
  region size 1024K, 153 young (156672K), 4 survivors (4096K)
 Metaspace       used 15176K, capacity 15768K, committed 16000K, reserved 399360K
  class space    used 2154K, capacity 2386K, committed 2432K, reserved 385024K
}
Event: 3.335 GC heap after
{Heap after GC invocations=3 (full 0):
 garbage-first heap   total 264192K, used 20486K [0x00000007e0000000, 0x0000000800000000)
  region size 1024K, 12 young (12288K), 12 survivors (12288K)
 Metaspace       used 15176K, capacity 15768K, committed 16000K, reserved 399360K
  class space    used 2154K, capacity 2386K, committed 2432K, reserved 385024K
}
Event: 4.401 GC heap before
{Heap before GC invocations=3 (full 0):
 garbage-first heap   total 264192K, used 106502K [0x00000007e0000000, 0x0000000800000000)
  region size 1024K, 98 young (100352K), 12 survivors (12288K)
 Metaspace       used 20465K, capacity 21161K, committed 21248K, reserved 403456K
  class space    used 3017K, capacity 3266K, committed 3328K, reserved 385024K
}
Event: 4.426 GC heap after
{Heap after GC invocations=4 (full 0):
 garbage-first heap   total 264192K, used 22922K [0x00000007e0000000, 0x0000000800000000)
  region size 1024K, 11 young (11264K), 11 survivors (11264K)
 Metaspace       used 20465K, capacity 21161K, committed 21248K, reserved 403456K
  class space    used 3017K, capacity 3266K, committed 3328K, reserved 385024K
}
Event: 5.839 GC heap before
{Heap before GC invocations=5 (full 0):
 garbage-first heap   total 262144K, used 144778K [0x00000007e0000000, 0x0000000800000000)
  region size 1024K, 131 young (134144K), 11 survivors (11264K)
 Metaspace       used 31472K, capacity 32399K, committed 32640K, reserved 413696K
  class space    used 4473K, capacity 4867K, committed 4992K, reserved 385024K
}
Event: 5.864 GC heap after
{Heap after GC invocations=6 (full 0):
 garbage-first heap   total 262144K, used 28661K [0x00000007e0000000, 0x0000000800000000)
  region size 1024K, 9 young (9216K), 9 survivors (9216K)
 Metaspace       used 31472K, capacity 32399K, committed 32640K, reserved 413696K
  class space    used 4473K, capacity 4867K, committed 4992K, reserved 385024K
}
Event: 6.507 GC heap before
{Heap before GC invocations=6 (full 0):
 garbage-first heap   total 262144K, used 88053K [0x00000007e0000000, 0x0000000800000000)
  region size 1024K, 68 young (69632K), 9 survivors (9216K)
 Metaspace       used 34624K, capacity 35668K, committed 35840K, reserved 415744K
  class space    used 4951K, capacity 5389K, committed 5504K, reserved 385024K
}
Event: 6.524 GC heap after
{Heap after GC invocations=7 (full 0):
 garbage-first heap   total 262144K, used 29658K [0x00000007e0000000, 0x0000000800000000)
  region size 1024K, 10 young (10240K), 10 survivors (10240K)
 Metaspace       used 34624K, capacity 35668K, committed 35840K, reserved 415744K
  class space    used 4951K, capacity 5389K, committed 5504K, reserved 385024K
}
Event: 8.122 GC heap before
{Heap before GC invocations=8 (full 0):
 garbage-first heap   total 262144K, used 178138K [0x00000007e0000000, 0x0000000800000000)
  region size 1024K, 153 young (156672K), 10 survivors (10240K)
 Metaspace       used 42938K, capacity 44445K, committed 44672K, reserved 423936K
  class space    used 6143K, capacity 6738K, committed 6784K, reserved 385024K
}
Event: 8.142 GC heap after
{Heap after GC invocations=9 (full 0):
 garbage-first heap   total 262144K, used 32252K [0x00000007e0000000, 0x0000000800000000)
  region size 1024K, 12 young (12288K), 12 survivors (12288K)
 Metaspace       used 42938K, capacity 44445K, committed 44672K, reserved 423936K
  class space    used 6143K, capacity 6738K, committed 6784K, reserved 385024K
}

